build/app/intermediates/manifest_merge_blame_file/debug/manifest-merger-blame-debug-report.txt
1<?xml version="1.0" encoding="utf-8"?>
2<manifest xmlns:android="http://schemas.android.com/apk/res/android"
3    package="in.faziltm.wheatherapp"
4    android:versionCode="1"
5    android:versionName="1.0.0" >
6
7    <uses-sdk
8        android:minSdkVersion="16"
9        android:targetSdkVersion="28" />
10    <!--
11         Flutter needs it to communicate with the running application
12         to allow setting breakpoints, to provide hot reload, etc.
13    -->
14    <uses-permission android:name="android.permission.INTERNET" />
14-->src/debug/AndroidManifest.xml:6:5-66
14-->src/debug/AndroidManifest.xml:6:22-64
15    <!--
16     io.flutter.app.FlutterApplication is an android.app.Application that
17         calls FlutterMain.startInitialization(this); in its onCreate method.
18         In most cases you can leave this as-is, but you if you want to provide
19         additional functionality it is fine to subclass or reimplement
20         FlutterApplication and put your custom class here.
21    -->
22    <uses-permission android:name="android.permission.ACCESS_FINE_LOCATION" />
22-->src/main/AndroidManifest.xml:9:10-84
22-->src/main/AndroidManifest.xml:9:27-81
23    <uses-permission android:name="android.permission.ACCESS_COARSE_LOCATION" /> <!-- Although the *SdkVersion is captured in gradle build files, this is required for non gradle builds -->
23-->src/main/AndroidManifest.xml:10:1-77
23-->src/main/AndroidManifest.xml:10:18-74
24    <!-- <uses-sdk android:minSdkVersion="14" /> -->
25    <uses-permission android:name="android.permission.ACCESS_NETWORK_STATE" />
25-->[com.google.firebase:firebase-firestore:21.3.0] AndroidManifest.xml:13:5-79
25-->[com.google.firebase:firebase-firestore:21.3.0] AndroidManifest.xml:13:22-76
26    <uses-permission android:name="android.permission.WAKE_LOCK" /> <!-- Required by older versions of Google Play services to create IID tokens -->
26-->[com.google.android.gms:play-services-measurement-api:17.2.0] AndroidManifest.xml:24:5-68
26-->[com.google.android.gms:play-services-measurement-api:17.2.0] AndroidManifest.xml:24:22-65
27    <uses-permission android:name="com.google.android.c2dm.permission.RECEIVE" />
27-->[com.google.firebase:firebase-iid:19.0.0] AndroidManifest.xml:26:5-82
27-->[com.google.firebase:firebase-iid:19.0.0] AndroidManifest.xml:26:22-79
28    <uses-permission android:name="com.google.android.finsky.permission.BIND_GET_INSTALL_REFERRER_SERVICE" />
28-->[com.google.android.gms:play-services-measurement:17.2.0] AndroidManifest.xml:26:5-110
28-->[com.google.android.gms:play-services-measurement:17.2.0] AndroidManifest.xml:26:22-107
29
30    <application
30-->src/main/AndroidManifest.xml:11:5-50:19
31        android:name="io.flutter.app.FlutterApplication"
31-->src/main/AndroidManifest.xml:12:9-57
32        android:appComponentFactory="androidx.core.app.CoreComponentFactory"
32-->[androidx.core:core:1.2.0] AndroidManifest.xml:24:18-86
33        android:debuggable="true"
34        android:icon="@drawable/icon"
34-->src/main/AndroidManifest.xml:14:9-38
35        android:label="weatherapp" >
35-->src/main/AndroidManifest.xml:13:9-35
36        <activity
36-->src/main/AndroidManifest.xml:15:9-44:20
37            android:name="in.faziltm.wheatherapp.MainActivity"
37-->src/main/AndroidManifest.xml:16:13-41
38            android:configChanges="orientation|keyboardHidden|keyboard|screenSize|smallestScreenSize|locale|layoutDirection|fontScale|screenLayout|density|uiMode"
38-->src/main/AndroidManifest.xml:19:13-163
39            android:hardwareAccelerated="true"
39-->src/main/AndroidManifest.xml:20:13-47
40            android:launchMode="singleTop"
40-->src/main/AndroidManifest.xml:17:13-43
41            android:screenOrientation="portrait"
41-->src/main/AndroidManifest.xml:21:13-49
42            android:theme="@style/LaunchTheme"
42-->src/main/AndroidManifest.xml:18:13-47
43            android:windowSoftInputMode="adjustResize" >
43-->src/main/AndroidManifest.xml:22:13-55
44
45            <!--
46                 Specifies an Android theme to apply to this Activity as soon as
47                 the Android process has started. This theme is visible to the user
48                 while the Flutter UI initializes. After that, this theme continues
49                 to determine the Window background behind the Flutter UI.
50            -->
51            <meta-data
51-->src/main/AndroidManifest.xml:27:13-30:17
52                android:name="io.flutter.embedding.android.NormalTheme"
52-->src/main/AndroidManifest.xml:28:15-70
53                android:resource="@style/NormalTheme" />
53-->src/main/AndroidManifest.xml:29:15-52
54            <!--
55                 Displays an Android View that continues showing the launch screen
56                 Drawable until Flutter paints its first frame, then this splash
57                 screen fades out. A splash screen is useful to avoid any visual
58                 gap between the end of Android's launch screen and the painting of
59                 Flutter's first frame.
60            -->
61            <meta-data
61-->src/main/AndroidManifest.xml:36:13-39:17
62                android:name="io.flutter.embedding.android.SplashScreenDrawable"
62-->src/main/AndroidManifest.xml:37:15-79
63                android:resource="@drawable/launch_background" />
63-->src/main/AndroidManifest.xml:38:15-61
64
65            <intent-filter>
65-->src/main/AndroidManifest.xml:40:13-43:29
66                <action android:name="android.intent.action.MAIN" />
66-->src/main/AndroidManifest.xml:41:17-68
66-->src/main/AndroidManifest.xml:41:25-66
67
68                <category android:name="android.intent.category.LAUNCHER" />
68-->src/main/AndroidManifest.xml:42:17-76
68-->src/main/AndroidManifest.xml:42:27-74
69            </intent-filter>
70        </activity>
71        <!--
72             Don't delete the meta-data below.
73             This is used by the Flutter tool to generate GeneratedPluginRegistrant.java
74        -->
75        <meta-data
75-->src/main/AndroidManifest.xml:47:9-49:33
76            android:name="flutterEmbedding"
76-->src/main/AndroidManifest.xml:48:13-44
77            android:value="2" />
77-->src/main/AndroidManifest.xml:49:13-30
78
79        <service
79-->[:cloud_firestore] AndroidManifest.xml:8:9-12:19
80            android:name="com.google.firebase.components.ComponentDiscoveryService"
80-->[:cloud_firestore] AndroidManifest.xml:8:18-89
81            android:directBootAware="true"
81-->[com.google.firebase:firebase-common:19.3.0] AndroidManifest.xml:34:13-43
82            android:exported="false" >
82-->[com.google.firebase:firebase-firestore:21.3.0] AndroidManifest.xml:19:13-37
83            <meta-data
83-->[:cloud_firestore] AndroidManifest.xml:9:13-11:85
84                android:name="com.google.firebase.components:io.flutter.plugins.firebase.cloudfirestore.FlutterFirebaseAppRegistrar"
84-->[:cloud_firestore] AndroidManifest.xml:10:17-133
85                android:value="com.google.firebase.components.ComponentRegistrar" />
85-->[:cloud_firestore] AndroidManifest.xml:11:17-82
86            <meta-data
86-->[:firebase_auth] AndroidManifest.xml:9:13-11:85
87                android:name="com.google.firebase.components:io.flutter.plugins.firebaseauth.FlutterFirebaseAppRegistrar"
87-->[:firebase_auth] AndroidManifest.xml:10:17-122
88                android:value="com.google.firebase.components.ComponentRegistrar" />
88-->[:firebase_auth] AndroidManifest.xml:11:17-82
89            <meta-data
89-->[:firebase_core] AndroidManifest.xml:9:13-11:85
90                android:name="com.google.firebase.components:io.flutter.plugins.firebase.core.FlutterFirebaseAppRegistrar"
90-->[:firebase_core] AndroidManifest.xml:10:17-123
91                android:value="com.google.firebase.components.ComponentRegistrar" />
91-->[:firebase_core] AndroidManifest.xml:11:17-82
92            <meta-data
92-->[com.google.firebase:firebase-firestore:21.3.0] AndroidManifest.xml:20:13-22:85
93                android:name="com.google.firebase.components:com.google.firebase.firestore.FirestoreRegistrar"
93-->[com.google.firebase:firebase-firestore:21.3.0] AndroidManifest.xml:21:17-111
94                android:value="com.google.firebase.components.ComponentRegistrar" />
94-->[com.google.firebase:firebase-firestore:21.3.0] AndroidManifest.xml:22:17-82
95            <meta-data
95-->[com.google.firebase:firebase-auth:19.2.0] AndroidManifest.xml:36:13-38:85
96                android:name="com.google.firebase.components:com.google.firebase.auth.FirebaseAuthRegistrar"
96-->[com.google.firebase:firebase-auth:19.2.0] AndroidManifest.xml:37:17-109
97                android:value="com.google.firebase.components.ComponentRegistrar" />
97-->[com.google.firebase:firebase-auth:19.2.0] AndroidManifest.xml:38:17-82
98            <meta-data
98-->[com.google.android.gms:play-services-measurement-api:17.2.0] AndroidManifest.xml:30:13-32:85
99                android:name="com.google.firebase.components:com.google.firebase.analytics.connector.internal.AnalyticsConnectorRegistrar"
99-->[com.google.android.gms:play-services-measurement-api:17.2.0] AndroidManifest.xml:31:17-139
100                android:value="com.google.firebase.components.ComponentRegistrar" />
100-->[com.google.android.gms:play-services-measurement-api:17.2.0] AndroidManifest.xml:32:17-82
101            <meta-data
101-->[com.google.firebase:firebase-iid:19.0.0] AndroidManifest.xml:32:13-34:85
102                android:name="com.google.firebase.components:com.google.firebase.iid.Registrar"
102-->[com.google.firebase:firebase-iid:19.0.0] AndroidManifest.xml:33:17-96
103                android:value="com.google.firebase.components.ComponentRegistrar" />
103-->[com.google.firebase:firebase-iid:19.0.0] AndroidManifest.xml:34:17-82
104        </service>
105
106        <activity
106-->[com.google.firebase:firebase-auth:19.2.0] AndroidManifest.xml:24:9-31:50
107            android:name="com.google.firebase.auth.internal.FederatedSignInActivity"
107-->[com.google.firebase:firebase-auth:19.2.0] AndroidManifest.xml:25:13-85
108            android:excludeFromRecents="true"
108-->[com.google.firebase:firebase-auth:19.2.0] AndroidManifest.xml:26:13-46
109            android:exported="true"
109-->[com.google.firebase:firebase-auth:19.2.0] AndroidManifest.xml:27:13-36
110            android:launchMode="singleTask"
110-->[com.google.firebase:firebase-auth:19.2.0] AndroidManifest.xml:28:13-44
111            android:permission="com.google.firebase.auth.api.gms.permission.LAUNCH_FEDERATED_SIGN_IN"
111-->[com.google.firebase:firebase-auth:19.2.0] AndroidManifest.xml:29:13-102
112            android:theme="@android:style/Theme.Translucent.NoTitleBar" />
112-->[com.google.firebase:firebase-auth:19.2.0] AndroidManifest.xml:30:13-72
113
114        <receiver
114-->[com.google.firebase:firebase-iid:19.0.0] AndroidManifest.xml:37:9-44:20
115            android:name="com.google.firebase.iid.FirebaseInstanceIdReceiver"
115-->[com.google.firebase:firebase-iid:19.0.0] AndroidManifest.xml:38:13-78
116            android:exported="true"
116-->[com.google.firebase:firebase-iid:19.0.0] AndroidManifest.xml:39:13-36
117            android:permission="com.google.android.c2dm.permission.SEND" >
117-->[com.google.firebase:firebase-iid:19.0.0] AndroidManifest.xml:40:13-73
118            <intent-filter>
118-->[com.google.firebase:firebase-iid:19.0.0] AndroidManifest.xml:41:13-43:29
119                <action android:name="com.google.android.c2dm.intent.RECEIVE" />
119-->[com.google.firebase:firebase-iid:19.0.0] AndroidManifest.xml:42:17-81
119-->[com.google.firebase:firebase-iid:19.0.0] AndroidManifest.xml:42:25-78
120            </intent-filter>
121        </receiver>
122
123        <activity
123-->[com.google.android.gms:play-services-base:17.2.1] AndroidManifest.xml:23:9-26:75
124            android:name="com.google.android.gms.common.api.GoogleApiActivity"
124-->[com.google.android.gms:play-services-base:17.2.1] AndroidManifest.xml:24:13-79
125            android:exported="false"
125-->[com.google.android.gms:play-services-base:17.2.1] AndroidManifest.xml:25:13-37
126            android:theme="@android:style/Theme.Translucent.NoTitleBar" />
126-->[com.google.android.gms:play-services-base:17.2.1] AndroidManifest.xml:26:13-72
127
128        <receiver
128-->[com.google.android.gms:play-services-measurement:17.2.0] AndroidManifest.xml:29:9-33:20
129            android:name="com.google.android.gms.measurement.AppMeasurementReceiver"
129-->[com.google.android.gms:play-services-measurement:17.2.0] AndroidManifest.xml:30:13-85
130            android:enabled="true"
130-->[com.google.android.gms:play-services-measurement:17.2.0] AndroidManifest.xml:31:13-35
131            android:exported="false" >
131-->[com.google.android.gms:play-services-measurement:17.2.0] AndroidManifest.xml:32:13-37
132        </receiver>
133        <receiver
133-->[com.google.android.gms:play-services-measurement:17.2.0] AndroidManifest.xml:34:9-42:20
134            android:name="com.google.android.gms.measurement.AppMeasurementInstallReferrerReceiver"
134-->[com.google.android.gms:play-services-measurement:17.2.0] AndroidManifest.xml:35:13-100
135            android:enabled="true"
135-->[com.google.android.gms:play-services-measurement:17.2.0] AndroidManifest.xml:36:13-35
136            android:exported="true"
136-->[com.google.android.gms:play-services-measurement:17.2.0] AndroidManifest.xml:37:13-36
137            android:permission="android.permission.INSTALL_PACKAGES" >
137-->[com.google.android.gms:play-services-measurement:17.2.0] AndroidManifest.xml:38:13-69
138            <intent-filter>
138-->[com.google.android.gms:play-services-measurement:17.2.0] AndroidManifest.xml:39:13-41:29
139                <action android:name="com.android.vending.INSTALL_REFERRER" />
139-->[com.google.android.gms:play-services-measurement:17.2.0] AndroidManifest.xml:40:17-79
139-->[com.google.android.gms:play-services-measurement:17.2.0] AndroidManifest.xml:40:25-76
140            </intent-filter>
141        </receiver>
142
143        <service
143-->[com.google.android.gms:play-services-measurement:17.2.0] AndroidManifest.xml:44:9-47:40
144            android:name="com.google.android.gms.measurement.AppMeasurementService"
144-->[com.google.android.gms:play-services-measurement:17.2.0] AndroidManifest.xml:45:13-84
145            android:enabled="true"
145-->[com.google.android.gms:play-services-measurement:17.2.0] AndroidManifest.xml:46:13-35
146            android:exported="false" />
146-->[com.google.android.gms:play-services-measurement:17.2.0] AndroidManifest.xml:47:13-37
147        <service
147-->[com.google.android.gms:play-services-measurement:17.2.0] AndroidManifest.xml:48:9-52:72
148            android:name="com.google.android.gms.measurement.AppMeasurementJobService"
148-->[com.google.android.gms:play-services-measurement:17.2.0] AndroidManifest.xml:49:13-87
149            android:enabled="true"
149-->[com.google.android.gms:play-services-measurement:17.2.0] AndroidManifest.xml:50:13-35
150            android:exported="false"
150-->[com.google.android.gms:play-services-measurement:17.2.0] AndroidManifest.xml:51:13-37
151            android:permission="android.permission.BIND_JOB_SERVICE" />
151-->[com.google.android.gms:play-services-measurement:17.2.0] AndroidManifest.xml:52:13-69
152
153        <provider
153-->[com.google.firebase:firebase-common:19.3.0] AndroidManifest.xml:26:9-30:39
154            android:name="com.google.firebase.provider.FirebaseInitProvider"
154-->[com.google.firebase:firebase-common:19.3.0] AndroidManifest.xml:27:13-77
155            android:authorities="in.faziltm.wheatherapp.firebaseinitprovider"
155-->[com.google.firebase:firebase-common:19.3.0] AndroidManifest.xml:28:13-72
156            android:exported="false"
156-->[com.google.firebase:firebase-common:19.3.0] AndroidManifest.xml:29:13-37
157            android:initOrder="100" />
157-->[com.google.firebase:firebase-common:19.3.0] AndroidManifest.xml:30:13-36
158
159        <meta-data
159-->[com.google.android.gms:play-services-basement:17.2.1] AndroidManifest.xml:23:9-25:69
160            android:name="com.google.android.gms.version"
160-->[com.google.android.gms:play-services-basement:17.2.1] AndroidManifest.xml:24:13-58
161            android:value="@integer/google_play_services_version" />
161-->[com.google.android.gms:play-services-basement:17.2.1] AndroidManifest.xml:25:13-66
162    </application>
163
164</manifest>